<?xml version="1.0" encoding="UTF-8"?>
<testng-results ignored="0" total="1" passed="1" failed="0" skipped="0">
  <reporter-output>
    <line>
      <![CDATA[Database is disconnected]]>
    </line>
  </reporter-output>
  <suite started-at="2023-06-04T15:23:48 IST" name="Default suite" finished-at="2023-06-04T15:24:04 IST" duration-ms="16587">
    <groups>
    </groups>
    <test started-at="2023-06-04T15:23:48 IST" name="Default test" finished-at="2023-06-04T15:24:04 IST" duration-ms="16587">
      <class name="com.Swag_Lab_TestScript.TestSript">
        <test-method is-config="true" signature="launchBrowser()[pri:0, instance:com.Swag_Lab_TestScript.TestSript@1a18644]" started-at="2023-06-04T15:23:48 IST" name="launchBrowser" finished-at="2023-06-04T15:23:52 IST" duration-ms="4736" status="PASS">
          <reporter-output>
          </reporter-output>
        </test-method> <!-- launchBrowser -->
        <test-method is-config="true" signature="login()[pri:0, instance:com.Swag_Lab_TestScript.TestSript@1a18644]" started-at="2023-06-04T15:23:52 IST" name="login" finished-at="2023-06-04T15:23:53 IST" duration-ms="564" status="PASS">
          <reporter-output>
          </reporter-output>
        </test-method> <!-- login -->
        <test-method signature="orderProduct()[pri:0, instance:com.Swag_Lab_TestScript.TestSript@1a18644]" started-at="2023-06-04T15:23:53 IST" name="orderProduct" finished-at="2023-06-04T15:24:04 IST" duration-ms="10724" status="PASS">
          <reporter-output>
          </reporter-output>
        </test-method> <!-- orderProduct -->
        <test-method is-config="true" signature="logOut()[pri:0, instance:com.Swag_Lab_TestScript.TestSript@1a18644]" started-at="2023-06-04T15:24:04 IST" name="logOut" finished-at="2023-06-04T15:24:04 IST" duration-ms="135" status="PASS">
          <reporter-output>
          </reporter-output>
        </test-method> <!-- logOut -->
        <test-method is-config="true" signature="closeBrowser()[pri:0, instance:com.Swag_Lab_TestScript.TestSript@1a18644]" started-at="2023-06-04T15:24:04 IST" name="closeBrowser" finished-at="2023-06-04T15:24:04 IST" duration-ms="313" status="PASS">
          <reporter-output>
          </reporter-output>
        </test-method> <!-- closeBrowser -->
        <test-method is-config="true" signature="closeDatabaseConnection()[pri:0, instance:com.Swag_Lab_TestScript.TestSript@1a18644]" started-at="2023-06-04T15:24:04 IST" name="closeDatabaseConnection" finished-at="2023-06-04T15:24:04 IST" duration-ms="1" status="PASS">
          <reporter-output>
            <line>
              <![CDATA[Database is disconnected]]>
            </line>
          </reporter-output>
        </test-method> <!-- closeDatabaseConnection -->
      </class> <!-- com.Swag_Lab_TestScript.TestSript -->
    </test> <!-- Default test -->
  </suite> <!-- Default suite -->
</testng-results>
